<?xml version="1.0" encoding="UTF-8"?>
<!-- Generated by org.testng.reporters.JUnitXMLReporter -->
<testsuite ignored="2" hostname="DESKTOP-G8O6OG0" failures="0" tests="2" name="Test" time="3.808" errors="0" timestamp="2025-07-06T11:11:14 IST">
  <testcase classname="com.Tests.AutomobileTest" name="automobileTest" time="0.827"/>
  <testcase classname="com.Tests.TruckTest" name="truckTest" time="0.449"/>
  <testcase classname="com.UtilityClases.MyBaseClass" name="@BeforeSuite beforeSuite" time="0.0">
    <ignored/>
  </testcase> <!-- @BeforeSuite beforeSuite -->
  <testcase classname="com.UtilityClases.MyBaseClass" name="@AfterSuite afterSuite" time="0.0">
    <ignored/>
  </testcase> <!-- @AfterSuite afterSuite -->
</testsuite> <!-- Test -->
