<?xml version="1.0" encoding="UTF-8"?>
<!-- Generated by org.testng.reporters.JUnitXMLReporter -->
<testsuite ignored="0" hostname="DESKTOP-G8O6OG0" failures="0" tests="4" name="My Test" time="26.081" errors="0" timestamp="2025-07-02T10:38:57 IST">
  <testcase classname="com.TestNGDemos.D02OnlineShopping" name="testFlipkart" time="11.532"/>
  <testcase classname="com.TestNGDemos.D02OnlineShopping" name="testDcathlon" time="20.518"/>
  <testcase classname="com.TestNGDemos.D02OnlineShopping" name="testMyntra" time="11.108"/>
  <testcase classname="com.TestNGDemos.D02OnlineShopping" name="testAmazon" time="5.484"/>
</testsuite> <!-- My Test -->
