<?xml version="1.0" encoding="UTF-8"?>
<testng-results ignored="0" total="7" passed="7" failed="0" skipped="0">
  <reporter-output>
  </reporter-output>
  <suite started-at="2025-07-11T09:30:06 IST" name="Default suite" finished-at="2025-07-11T09:30:07 IST" duration-ms="1438">
    <groups>
    </groups>
    <test started-at="2025-07-11T09:30:06 IST" name="Default test" finished-at="2025-07-11T09:30:07 IST" duration-ms="1438">
      <class name="com.MyTests.D03LoginTest">
        <test-method is-config="true" signature="beforeTest()[pri:0, instance:com.MyTests.D03LoginTest@408d971b]" started-at="2025-07-11T09:30:06 IST" name="beforeTest" finished-at="2025-07-11T09:30:06 IST" duration-ms="24" status="PASS">
          <reporter-output>
          </reporter-output>
        </test-method> <!-- beforeTest -->
        <test-method signature="loginTest(java.lang.String,java.lang.String,java.lang.String)[pri:0, instance:com.MyTests.D03LoginTest@408d971b]" started-at="2025-07-11T09:30:07 IST" name="loginTest" data-provider="getData" finished-at="2025-07-11T09:30:07 IST" duration-ms="7" status="PASS">
          <params>
            <param index="0">
              <value>
                <![CDATA[User Name]]>
              </value>
            </param>
            <param index="1">
              <value>
                <![CDATA[Password]]>
              </value>
            </param>
            <param index="2">
              <value>
                <![CDATA[Result]]>
              </value>
            </param>
          </params>
          <reporter-output>
          </reporter-output>
        </test-method> <!-- loginTest -->
        <test-method signature="loginTest(java.lang.String,java.lang.String,java.lang.String)[pri:0, instance:com.MyTests.D03LoginTest@408d971b]" started-at="2025-07-11T09:30:07 IST" name="loginTest" data-provider="getData" finished-at="2025-07-11T09:30:07 IST" duration-ms="6" status="PASS">
          <params>
            <param index="0">
              <value>
                <![CDATA[vinayak]]>
              </value>
            </param>
            <param index="1">
              <value>
                <![CDATA[vinayak123]]>
              </value>
            </param>
            <param index="2">
              <value>
                <![CDATA[Fail]]>
              </value>
            </param>
          </params>
          <reporter-output>
          </reporter-output>
        </test-method> <!-- loginTest -->
        <test-method signature="loginTest(java.lang.String,java.lang.String,java.lang.String)[pri:0, instance:com.MyTests.D03LoginTest@408d971b]" started-at="2025-07-11T09:30:07 IST" name="loginTest" data-provider="getData" finished-at="2025-07-11T09:30:07 IST" duration-ms="4" status="PASS">
          <params>
            <param index="0">
              <value>
                <![CDATA[admin]]>
              </value>
            </param>
            <param index="1">
              <value>
                <![CDATA[admin123]]>
              </value>
            </param>
            <param index="2">
              <value>
                <![CDATA[Pass]]>
              </value>
            </param>
          </params>
          <reporter-output>
          </reporter-output>
        </test-method> <!-- loginTest -->
        <test-method signature="loginTest(java.lang.String,java.lang.String,java.lang.String)[pri:0, instance:com.MyTests.D03LoginTest@408d971b]" started-at="2025-07-11T09:30:07 IST" name="loginTest" data-provider="getData" finished-at="2025-07-11T09:30:07 IST" duration-ms="4" status="PASS">
          <params>
            <param index="0">
              <value>
                <![CDATA[pravin]]>
              </value>
            </param>
            <param index="1">
              <value>
                <![CDATA[pravin123]]>
              </value>
            </param>
            <param index="2">
              <value>
                <![CDATA[Fail]]>
              </value>
            </param>
          </params>
          <reporter-output>
          </reporter-output>
        </test-method> <!-- loginTest -->
        <test-method signature="loginTest(java.lang.String,java.lang.String,java.lang.String)[pri:0, instance:com.MyTests.D03LoginTest@408d971b]" started-at="2025-07-11T09:30:07 IST" name="loginTest" data-provider="getData" finished-at="2025-07-11T09:30:07 IST" duration-ms="4" status="PASS">
          <params>
            <param index="0">
              <value>
                <![CDATA[admin]]>
              </value>
            </param>
            <param index="1">
              <value>
                <![CDATA[admin123]]>
              </value>
            </param>
            <param index="2">
              <value>
                <![CDATA[Pass]]>
              </value>
            </param>
          </params>
          <reporter-output>
          </reporter-output>
        </test-method> <!-- loginTest -->
        <test-method signature="loginTest(java.lang.String,java.lang.String,java.lang.String)[pri:0, instance:com.MyTests.D03LoginTest@408d971b]" started-at="2025-07-11T09:30:07 IST" name="loginTest" data-provider="getData" finished-at="2025-07-11T09:30:07 IST" duration-ms="2" status="PASS">
          <params>
            <param index="0">
              <value>
                <![CDATA[ankush]]>
              </value>
            </param>
            <param index="1">
              <value>
                <![CDATA[ankush123]]>
              </value>
            </param>
            <param index="2">
              <value>
                <![CDATA[Fail]]>
              </value>
            </param>
          </params>
          <reporter-output>
          </reporter-output>
        </test-method> <!-- loginTest -->
        <test-method signature="loginTest(java.lang.String,java.lang.String,java.lang.String)[pri:0, instance:com.MyTests.D03LoginTest@408d971b]" started-at="2025-07-11T09:30:07 IST" name="loginTest" data-provider="getData" finished-at="2025-07-11T09:30:07 IST" duration-ms="5" status="PASS">
          <params>
            <param index="0">
              <value>
                <![CDATA[ravi]]>
              </value>
            </param>
            <param index="1">
              <value>
                <![CDATA[ravi123]]>
              </value>
            </param>
            <param index="2">
              <value>
                <![CDATA[Fail]]>
              </value>
            </param>
          </params>
          <reporter-output>
          </reporter-output>
        </test-method> <!-- loginTest -->
        <test-method is-config="true" signature="afterTest()[pri:0, instance:com.MyTests.D03LoginTest@408d971b]" started-at="2025-07-11T09:30:07 IST" name="afterTest" finished-at="2025-07-11T09:30:07 IST" duration-ms="3" status="PASS">
          <reporter-output>
          </reporter-output>
        </test-method> <!-- afterTest -->
      </class> <!-- com.MyTests.D03LoginTest -->
    </test> <!-- Default test -->
  </suite> <!-- Default suite -->
</testng-results>
