<?xml version="1.0" encoding="UTF-8"?>
<!-- Generated by org.testng.reporters.JUnitXMLReporter -->
<testsuite ignored="1" hostname="DESKTOP-G8O6OG0" failures="0" tests="3" name="Default test" time="25.983" errors="0" timestamp="2025-06-28T09:56:43 IST">
  <testcase classname="com.TestNGDemos.D05FlipkartAssignment" name="clickOnMobile" time="2.799"/>
  <testcase classname="com.TestNGDemos.D05FlipkartAssignment" name="clickOnAppliences" time="3.807"/>
  <testcase classname="com.TestNGDemos.D05FlipkartAssignment" name="clickOnGrocary" time="2.157"/>
  <testcase classname="com.TestNGDemos.D05FlipkartAssignment" name="clickOnFlight" time="0.0">
    <ignored/>
  </testcase> <!-- clickOnFlight -->
</testsuite> <!-- Default test -->
