<?xml version="1.0" encoding="UTF-8"?>
<testng-results ignored="0" total="2" passed="2" failed="0" skipped="0">
  <reporter-output>
  </reporter-output>
  <suite started-at="2025-07-06T11:11:11 IST" name="Suite" finished-at="2025-07-06T11:11:14 IST" duration-ms="3808">
    <groups>
    </groups>
    <test started-at="2025-07-06T11:11:11 IST" name="Test" finished-at="2025-07-06T11:11:14 IST" duration-ms="3808">
      <class name="com.Tests.TruckTest">
        <test-method is-config="true" signature="beforeClass()[pri:0, instance:com.Tests.TruckTest@74235045]" started-at="2025-07-06T11:11:13 IST" name="beforeClass" finished-at="2025-07-06T11:11:14 IST" duration-ms="658" status="PASS">
          <reporter-output>
          </reporter-output>
        </test-method> <!-- beforeClass -->
        <test-method signature="truckTest()[pri:0, instance:com.Tests.TruckTest@74235045]" started-at="2025-07-06T11:11:14 IST" name="truckTest" finished-at="2025-07-06T11:11:14 IST" duration-ms="449" status="PASS">
          <reporter-output>
          </reporter-output>
        </test-method> <!-- truckTest -->
      </class> <!-- com.Tests.TruckTest -->
      <class name="com.Tests.AutomobileTest">
        <test-method is-config="true" signature="beforeSuite()[pri:0, instance:com.Tests.AutomobileTest@33d512c1]" started-at="2025-07-06T11:11:03 IST" name="beforeSuite" finished-at="2025-07-06T11:11:11 IST" duration-ms="7591" status="PASS">
          <reporter-output>
          </reporter-output>
        </test-method> <!-- beforeSuite -->
        <test-method is-config="true" signature="automobile()[pri:0, instance:com.Tests.AutomobileTest@33d512c1]" started-at="2025-07-06T11:11:11 IST" name="automobile" finished-at="2025-07-06T11:11:12 IST" duration-ms="1750" status="PASS">
          <reporter-output>
          </reporter-output>
        </test-method> <!-- automobile -->
        <test-method signature="automobileTest(java.lang.Integer,java.lang.String)[pri:0, instance:com.Tests.AutomobileTest@33d512c1]" started-at="2025-07-06T11:11:12 IST" name="automobileTest" data-provider="dp" finished-at="2025-07-06T11:11:13 IST" duration-ms="827" status="PASS">
          <params>
            <param index="0">
              <value>
                <![CDATA[1]]>
              </value>
            </param>
            <param index="1">
              <value>
                <![CDATA[a]]>
              </value>
            </param>
          </params>
          <reporter-output>
          </reporter-output>
        </test-method> <!-- automobileTest -->
        <test-method is-config="true" signature="afterClass()[pri:0, instance:com.Tests.AutomobileTest@33d512c1]" started-at="2025-07-06T11:11:13 IST" name="afterClass" finished-at="2025-07-06T11:11:13 IST" duration-ms="1" status="PASS">
          <reporter-output>
          </reporter-output>
        </test-method> <!-- afterClass -->
        <test-method is-config="true" signature="afterSuite()[pri:0, instance:com.Tests.AutomobileTest@33d512c1]" started-at="2025-07-06T11:11:14 IST" name="afterSuite" finished-at="2025-07-06T11:11:15 IST" duration-ms="659" status="PASS">
          <reporter-output>
          </reporter-output>
        </test-method> <!-- afterSuite -->
      </class> <!-- com.Tests.AutomobileTest -->
    </test> <!-- Test -->
  </suite> <!-- Suite -->
</testng-results>
