<?xml version="1.0" encoding="UTF-8"?>
<!-- Generated by org.testng.reporters.JUnitXMLReporter -->
<testsuite ignored="0" hostname="DESKTOP-G8O6OG0" failures="0" tests="7" name="Default test" time="1.438" errors="0" timestamp="2025-07-11T09:30:07 IST">
  <testcase classname="com.MyTests.D03LoginTest" name="loginTest" time="0.007"/>
  <testcase classname="com.MyTests.D03LoginTest" name="loginTest" time="0.006"/>
  <testcase classname="com.MyTests.D03LoginTest" name="loginTest" time="0.004"/>
  <testcase classname="com.MyTests.D03LoginTest" name="loginTest" time="0.004"/>
  <testcase classname="com.MyTests.D03LoginTest" name="loginTest" time="0.004"/>
  <testcase classname="com.MyTests.D03LoginTest" name="loginTest" time="0.002"/>
  <testcase classname="com.MyTests.D03LoginTest" name="loginTest" time="0.005"/>
</testsuite> <!-- Default test -->
