<?xml version="1.0" encoding="UTF-8"?>
<!-- Generated by org.testng.reporters.JUnitReportReporter -->
<testsuite hostname="DESKTOP-G8O6OG0" failures="0" tests="7" name="com.MyTests.D03LoginTest" time="0.032" errors="0" timestamp="2025-07-11T09:30:08 IST" skipped="0">
  <testcase classname="com.MyTests.D03LoginTest" name="loginTest" time="0.004"/>
  <testcase classname="com.MyTests.D03LoginTest" name="loginTest" time="0.004"/>
  <testcase classname="com.MyTests.D03LoginTest" name="loginTest" time="0.005"/>
  <testcase classname="com.MyTests.D03LoginTest" name="loginTest" time="0.002"/>
  <testcase classname="com.MyTests.D03LoginTest" name="loginTest" time="0.007"/>
  <testcase classname="com.MyTests.D03LoginTest" name="loginTest" time="0.004"/>
  <testcase classname="com.MyTests.D03LoginTest" name="loginTest" time="0.006"/>
</testsuite> <!-- com.MyTests.D03LoginTest -->
