<?xml version="1.0" encoding="UTF-8"?>
<!-- Generated by org.testng.reporters.JUnitXMLReporter -->
<testsuite ignored="2" hostname="DESKTOP-G8O6OG0" failures="0" tests="2" name="My Test" time="19.875" errors="0" timestamp="2025-06-30T08:46:42 IST">
  <testcase classname="com.TestNGDemos.D05FlipkartAssignment" name="clickOnMobile" time="2.328"/>
  <testcase classname="com.TestNGDemos.D05FlipkartAssignment" name="clickOnAppliences" time="2.202"/>
  <testcase classname="com.TestNGDemos.D05FlipkartAssignment" name="clickOnFlight" time="0.0">
    <ignored/>
  </testcase> <!-- clickOnFlight -->
  <testcase classname="com.TestNGDemos.D05FlipkartAssignment" name="clickOnGrocary" time="0.0">
    <ignored/>
  </testcase> <!-- clickOnGrocary -->
</testsuite> <!-- My Test -->
