<?xml version="1.0" encoding="UTF-8"?>
<testng-results ignored="0" total="4" passed="4" failed="0" skipped="0">
  <reporter-output>
  </reporter-output>
  <suite started-at="2025-06-26T10:36:36 IST" name="Default suite" finished-at="2025-06-26T10:36:54 IST" duration-ms="17453">
    <groups>
    </groups>
    <test started-at="2025-06-26T10:36:36 IST" name="Default test" finished-at="2025-06-26T10:36:54 IST" duration-ms="17453">
      <class name="com.TestNGDemos.D04Before_AfterMethod">
        <test-method is-config="true" signature="launchBrowser()[pri:0, instance:com.TestNGDemos.D04Before_AfterMethod@3c41ed1d]" started-at="2025-06-26T10:36:37 IST" name="launchBrowser" finished-at="2025-06-26T10:36:40 IST" duration-ms="3038" status="PASS">
          <reporter-output>
          </reporter-output>
        </test-method> <!-- launchBrowser -->
        <test-method is-config="true" signature="beforeMethod()[pri:0, instance:com.TestNGDemos.D04Before_AfterMethod@3c41ed1d]" started-at="2025-06-26T10:36:40 IST" name="beforeMethod" finished-at="2025-06-26T10:36:40 IST" duration-ms="2" status="PASS">
          <reporter-output>
          </reporter-output>
        </test-method> <!-- beforeMethod -->
        <test-method signature="testDcathlon()[pri:1, instance:com.TestNGDemos.D04Before_AfterMethod@3c41ed1d]" started-at="2025-06-26T10:36:40 IST" name="testDcathlon" finished-at="2025-06-26T10:36:41 IST" duration-ms="1101" status="PASS">
          <reporter-output>
          </reporter-output>
        </test-method> <!-- testDcathlon -->
        <test-method is-config="true" signature="printTitle()[pri:0, instance:com.TestNGDemos.D04Before_AfterMethod@3c41ed1d]" started-at="2025-06-26T10:36:41 IST" name="printTitle" finished-at="2025-06-26T10:36:42 IST" duration-ms="1342" status="PASS">
          <reporter-output>
          </reporter-output>
        </test-method> <!-- printTitle -->
        <test-method is-config="true" signature="beforeMethod()[pri:0, instance:com.TestNGDemos.D04Before_AfterMethod@3c41ed1d]" started-at="2025-06-26T10:36:42 IST" name="beforeMethod" finished-at="2025-06-26T10:36:42 IST" duration-ms="1" status="PASS">
          <reporter-output>
          </reporter-output>
        </test-method> <!-- beforeMethod -->
        <test-method signature="testFlipkart()[pri:2, instance:com.TestNGDemos.D04Before_AfterMethod@3c41ed1d]" started-at="2025-06-26T10:36:42 IST" name="testFlipkart" finished-at="2025-06-26T10:36:45 IST" duration-ms="3181" status="PASS">
          <reporter-output>
          </reporter-output>
        </test-method> <!-- testFlipkart -->
        <test-method is-config="true" signature="printTitle()[pri:0, instance:com.TestNGDemos.D04Before_AfterMethod@3c41ed1d]" started-at="2025-06-26T10:36:45 IST" name="printTitle" finished-at="2025-06-26T10:36:45 IST" duration-ms="215" status="PASS">
          <reporter-output>
          </reporter-output>
        </test-method> <!-- printTitle -->
        <test-method is-config="true" signature="beforeMethod()[pri:0, instance:com.TestNGDemos.D04Before_AfterMethod@3c41ed1d]" started-at="2025-06-26T10:36:45 IST" name="beforeMethod" finished-at="2025-06-26T10:36:45 IST" duration-ms="1" status="PASS">
          <reporter-output>
          </reporter-output>
        </test-method> <!-- beforeMethod -->
        <test-method signature="testMyntra()[pri:3, instance:com.TestNGDemos.D04Before_AfterMethod@3c41ed1d]" started-at="2025-06-26T10:36:45 IST" name="testMyntra" finished-at="2025-06-26T10:36:46 IST" duration-ms="429" status="PASS">
          <reporter-output>
          </reporter-output>
        </test-method> <!-- testMyntra -->
        <test-method is-config="true" signature="printTitle()[pri:0, instance:com.TestNGDemos.D04Before_AfterMethod@3c41ed1d]" started-at="2025-06-26T10:36:46 IST" name="printTitle" finished-at="2025-06-26T10:36:50 IST" duration-ms="3652" status="PASS">
          <reporter-output>
          </reporter-output>
        </test-method> <!-- printTitle -->
        <test-method is-config="true" signature="beforeMethod()[pri:0, instance:com.TestNGDemos.D04Before_AfterMethod@3c41ed1d]" started-at="2025-06-26T10:36:50 IST" name="beforeMethod" finished-at="2025-06-26T10:36:50 IST" duration-ms="1" status="PASS">
          <reporter-output>
          </reporter-output>
        </test-method> <!-- beforeMethod -->
        <test-method signature="testAmazon()[pri:4, instance:com.TestNGDemos.D04Before_AfterMethod@3c41ed1d]" started-at="2025-06-26T10:36:50 IST" name="testAmazon" finished-at="2025-06-26T10:36:53 IST" duration-ms="3169" status="PASS">
          <reporter-output>
          </reporter-output>
        </test-method> <!-- testAmazon -->
        <test-method is-config="true" signature="printTitle()[pri:0, instance:com.TestNGDemos.D04Before_AfterMethod@3c41ed1d]" started-at="2025-06-26T10:36:53 IST" name="printTitle" finished-at="2025-06-26T10:36:53 IST" duration-ms="255" status="PASS">
          <reporter-output>
          </reporter-output>
        </test-method> <!-- printTitle -->
        <test-method is-config="true" signature="closeBrowser()[pri:0, instance:com.TestNGDemos.D04Before_AfterMethod@3c41ed1d]" started-at="2025-06-26T10:36:53 IST" name="closeBrowser" finished-at="2025-06-26T10:36:54 IST" duration-ms="913" status="PASS">
          <reporter-output>
          </reporter-output>
        </test-method> <!-- closeBrowser -->
      </class> <!-- com.TestNGDemos.D04Before_AfterMethod -->
    </test> <!-- Default test -->
  </suite> <!-- Default suite -->
</testng-results>
