<?xml version="1.0" encoding="UTF-8"?>
<testng-results ignored="0" total="4" passed="4" failed="0" skipped="0">
  <reporter-output>
  </reporter-output>
  <suite started-at="2025-07-02T10:38:31 IST" name="Parallel Execution" finished-at="2025-07-02T10:38:57 IST" duration-ms="26081">
    <groups>
    </groups>
    <test started-at="2025-07-02T10:38:31 IST" name="My Test" finished-at="2025-07-02T10:38:57 IST" duration-ms="26081">
      <class name="com.TestNGDemos.D02OnlineShopping">
        <test-method signature="testFlipkart()[pri:2, instance:com.TestNGDemos.D02OnlineShopping@351d00c0]" started-at="2025-07-02T10:38:31 IST" name="testFlipkart" finished-at="2025-07-02T10:38:42 IST" duration-ms="11532" status="PASS">
          <reporter-output>
          </reporter-output>
        </test-method> <!-- testFlipkart -->
        <test-method signature="testDcathlon()[pri:1, instance:com.TestNGDemos.D02OnlineShopping@351d00c0]" started-at="2025-07-02T10:38:31 IST" name="testDcathlon" finished-at="2025-07-02T10:38:51 IST" duration-ms="20518" status="PASS">
          <reporter-output>
          </reporter-output>
        </test-method> <!-- testDcathlon -->
        <test-method signature="testMyntra()[pri:3, instance:com.TestNGDemos.D02OnlineShopping@351d00c0]" started-at="2025-07-02T10:38:42 IST" name="testMyntra" finished-at="2025-07-02T10:38:53 IST" duration-ms="11108" status="PASS">
          <reporter-output>
          </reporter-output>
        </test-method> <!-- testMyntra -->
        <test-method signature="testAmazon()[pri:4, instance:com.TestNGDemos.D02OnlineShopping@351d00c0]" started-at="2025-07-02T10:38:51 IST" name="testAmazon" finished-at="2025-07-02T10:38:57 IST" duration-ms="5484" status="PASS">
          <reporter-output>
          </reporter-output>
        </test-method> <!-- testAmazon -->
      </class> <!-- com.TestNGDemos.D02OnlineShopping -->
    </test> <!-- My Test -->
  </suite> <!-- Parallel Execution -->
</testng-results>
