<?xml version="1.0" encoding="UTF-8"?>
<!-- Generated by org.testng.reporters.JUnitXMLReporter -->
<testsuite ignored="2" hostname="DESKTOP-G8O6OG0" failures="0" tests="2" name="Flipkart Test" time="20.616" errors="0" timestamp="2025-06-28T10:24:48 IST">
  <testcase classname="com.TestNGDemos.D05FlipkartAssignment" name="clickOnMobile" time="3.03"/>
  <testcase classname="com.TestNGDemos.D05FlipkartAssignment" name="clickOnFlight" time="3.299"/>
  <testcase classname="com.TestNGDemos.D05FlipkartAssignment" name="clickOnGrocary" time="0.0">
    <ignored/>
  </testcase> <!-- clickOnGrocary -->
  <testcase classname="com.TestNGDemos.D05FlipkartAssignment" name="clickOnAppliences" time="0.0">
    <ignored/>
  </testcase> <!-- clickOnAppliences -->
</testsuite> <!-- Flipkart Test -->
