<?xml version="1.0" encoding="UTF-8"?>
<!-- Generated by org.testng.reporters.JUnitXMLReporter -->
<testsuite ignored="1" hostname="DESKTOP-G8O6OG0" failures="0" tests="3" name="Flipkart Test" time="23.61" errors="0" timestamp="2025-06-28T10:26:51 IST">
  <testcase classname="com.TestNGDemos.D05FlipkartAssignment" name="clickOnMobile" time="2.741"/>
  <testcase classname="com.TestNGDemos.D05FlipkartAssignment" name="clickOnFlight" time="3.264"/>
  <testcase classname="com.TestNGDemos.D05FlipkartAssignment" name="clickOnGrocary" time="1.813"/>
  <testcase classname="com.TestNGDemos.D05FlipkartAssignment" name="clickOnAppliences" time="0.0">
    <ignored/>
  </testcase> <!-- clickOnAppliences -->
</testsuite> <!-- Flipkart Test -->
