<?xml version="1.0" encoding="UTF-8"?>
<!-- Generated by org.testng.reporters.JUnitReportReporter -->
<testsuite hostname="DESKTOP-G8O6OG0" failures="0" tests="4" name="com.TestNGDemos.D05FlipkartAssignment" time="19.057" errors="0" timestamp="2025-06-27T09:06:29 IST" skipped="0">
  <testcase classname="com.TestNGDemos.D05FlipkartAssignment" name="clickOnMobile" time="5.992"/>
  <testcase classname="com.TestNGDemos.D05FlipkartAssignment" name="clickOnAppliences" time="4.280"/>
  <testcase classname="com.TestNGDemos.D05FlipkartAssignment" name="clickOnFlight" time="4.056"/>
  <testcase classname="com.TestNGDemos.D05FlipkartAssignment" name="clickOnGrocary" time="4.729"/>
</testsuite> <!-- com.TestNGDemos.D05FlipkartAssignment -->
