<?xml version="1.0" encoding="UTF-8"?>
<!-- Generated by org.testng.reporters.JUnitReportReporter -->
<testsuite hostname="DESKTOP-G8O6OG0" failures="0" tests="4" name="com.TestNGDemos.D13CreateLoginFile" time="0.066" errors="0" timestamp="2025-07-05T09:42:02 IST" skipped="0">
  <testcase classname="com.TestNGDemos.D13CreateLoginFile" name="writeToExcel" time="0.008"/>
  <testcase classname="com.TestNGDemos.D13CreateLoginFile" name="writeToExcel" time="0.025"/>
  <testcase classname="com.TestNGDemos.D13CreateLoginFile" name="writeToExcel" time="0.015"/>
  <testcase classname="com.TestNGDemos.D13CreateLoginFile" name="writeToExcel" time="0.018"/>
</testsuite> <!-- com.TestNGDemos.D13CreateLoginFile -->
