<?xml version="1.0" encoding="UTF-8"?>
<!-- Generated by org.testng.reporters.JUnitReportReporter -->
<testsuite hostname="DESKTOP-G8O6OG0" failures="0" tests="4" name="com.TestNGDemos.D02OnlineShopping" time="27.569" errors="0" timestamp="2025-06-26T09:57:11 IST" skipped="0">
  <testcase classname="com.TestNGDemos.D02OnlineShopping" name="testDcathlon" time="8.455"/>
  <testcase classname="com.TestNGDemos.D02OnlineShopping" name="testFlipkart" time="6.598"/>
  <testcase classname="com.TestNGDemos.D02OnlineShopping" name="testMyntra" time="8.954"/>
  <testcase classname="com.TestNGDemos.D02OnlineShopping" name="testAmazon" time="3.562"/>
</testsuite> <!-- com.TestNGDemos.D02OnlineShopping -->
