<?xml version="1.0" encoding="UTF-8"?>
<!-- Generated by org.testng.reporters.JUnitReportReporter -->
<testsuite hostname="DESKTOP-G8O6OG0" failures="0" tests="2" name="com.TestNGDemos.D05FlipkartAssignment" time="11.320" errors="0" timestamp="2025-06-30T08:46:42 IST" skipped="0">
  <testcase classname="com.TestNGDemos.D05FlipkartAssignment" name="clickOnMobile" time="6.120"/>
  <testcase classname="com.TestNGDemos.D05FlipkartAssignment" name="clickOnAppliences" time="5.200"/>
</testsuite> <!-- com.TestNGDemos.D05FlipkartAssignment -->
