<?xml version="1.0" encoding="UTF-8"?>
<!-- Generated by org.testng.reporters.JUnitReportReporter -->
<testsuite hostname="DESKTOP-G8O6OG0" failures="0" tests="3" name="com.TestNGDemos.D06DataProviderDemo" time="8.388" errors="0" timestamp="2025-07-02T09:52:57 IST" skipped="0">
  <testcase classname="com.TestNGDemos.D06DataProviderDemo" name="loginToOHRM" time="1.954"/>
  <testcase classname="com.TestNGDemos.D06DataProviderDemo" name="loginToOHRM" time="5.006"/>
  <testcase classname="com.TestNGDemos.D06DataProviderDemo" name="loginToOHRM" time="1.428"/>
</testsuite> <!-- com.TestNGDemos.D06DataProviderDemo -->
