<?xml version="1.0" encoding="UTF-8"?>
<!-- Generated by org.testng.reporters.JUnitReportReporter -->
<testsuite hostname="DESKTOP-G8O6OG0" failures="0" tests="4" name="com.TestNGDemos.D04Before_AfterMethod" time="13.349" errors="0" timestamp="2025-06-26T10:36:54 IST" skipped="0">
  <testcase classname="com.TestNGDemos.D04Before_AfterMethod" name="testDcathlon" time="1.357"/>
  <testcase classname="com.TestNGDemos.D04Before_AfterMethod" name="testFlipkart" time="4.525"/>
  <testcase classname="com.TestNGDemos.D04Before_AfterMethod" name="testMyntra" time="0.645"/>
  <testcase classname="com.TestNGDemos.D04Before_AfterMethod" name="testAmazon" time="6.822"/>
</testsuite> <!-- com.TestNGDemos.D04Before_AfterMethod -->
