<?xml version="1.0" encoding="UTF-8"?>
<!-- Generated by org.testng.reporters.JUnitReportReporter -->
<testsuite hostname="DESKTOP-G8O6OG0" failures="0" tests="3" name="com.Assignments.OHRM_Login_Logout" time="11.067" errors="0" timestamp="2025-06-27T09:46:39 IST" skipped="0">
  <testcase classname="com.Assignments.OHRM_Login_Logout" name="loginToOHRM3" time="1.979"/>
  <testcase classname="com.Assignments.OHRM_Login_Logout" name="loginToOHRM2" time="4.560"/>
  <testcase classname="com.Assignments.OHRM_Login_Logout" name="loginToOHRM1" time="4.528"/>
</testsuite> <!-- com.Assignments.OHRM_Login_Logout -->
