<?xml version="1.0" encoding="UTF-8"?>
<!-- Generated by org.testng.reporters.JUnitReportReporter -->
<testsuite hostname="DESKTOP-G8O6OG0" failures="0" tests="4" name="com.TestNGDemos.D03Before_AfterTest" time="15.600" errors="0" timestamp="2025-06-26T10:18:57 IST" skipped="0">
  <testcase classname="com.TestNGDemos.D03Before_AfterTest" name="testDcathlon" time="4.264"/>
  <testcase classname="com.TestNGDemos.D03Before_AfterTest" name="testFlipkart" time="3.715"/>
  <testcase classname="com.TestNGDemos.D03Before_AfterTest" name="testMyntra" time="4.285"/>
  <testcase classname="com.TestNGDemos.D03Before_AfterTest" name="testAmazon" time="3.336"/>
</testsuite> <!-- com.TestNGDemos.D03Before_AfterTest -->
